Build started 11/14/2012 11:15:24 AM.
     1>Project "C:\Users\Ben-Dev\Documents\Visual Studio 2010\Projects\OpenGLParticles\cs460-particles\Particles\GLUTParticles\GLUTParticles.vcxproj" on node 2 (build target(s)).
     1>InitializeBuildStatus:
         Creating "Release\GLUTParticles.unsuccessfulbuild" because "AlwaysCreate" was specified.
       ClCompile:
         e:\Program Files (x86)\Microsoft Visual Studio 10.0\VC\bin\CL.exe /c /Zi /nologo /W3 /WX- /O2 /Oi /Oy- /GL /D WIN32 /D NDEBUG /D _CONSOLE /D _UNICODE /D UNICODE /Gm- /EHsc /MD /GS /Gy /fp:precise /Zc:wchar_t /Zc:forScope /Fo"Release\\" /Fd"Release\vc100.pdb" /Gd /TP /analyze- /errorReport:prompt main.cpp
         main.cpp
     1>main.cpp(98): warning C4996: 'sprintf': This function or variable may be unsafe. Consider using sprintf_s instead. To disable deprecation, use _CRT_SECURE_NO_WARNINGS. See online help for details.
                 e:\Program Files (x86)\Microsoft Visual Studio 10.0\VC\include\stdio.h(371) : see declaration of 'sprintf'
       Link:
         e:\Program Files (x86)\Microsoft Visual Studio 10.0\VC\bin\link.exe /ERRORREPORT:PROMPT /OUT:"C:\Users\Ben-Dev\Documents\Visual Studio 2010\Projects\OpenGLParticles\cs460-particles\Particles\Release\GLUTParticles.exe" /INCREMENTAL:NO /NOLOGO kernel32.lib user32.lib gdi32.lib winspool.lib comdlg32.lib advapi32.lib shell32.lib ole32.lib oleaut32.lib uuid.lib odbc32.lib odbccp32.lib /MANIFEST /ManifestFile:"Release\GLUTParticles.exe.intermediate.manifest" /MANIFESTUAC:"level='asInvoker' uiAccess='false'" /DEBUG /PDB:"C:\Users\Ben-Dev\Documents\Visual Studio 2010\Projects\OpenGLParticles\cs460-particles\Particles\Release\GLUTParticles.pdb" /SUBSYSTEM:CONSOLE /OPT:REF /OPT:ICF /LTCG /TLBID:1 /DYNAMICBASE /NXCOMPAT /IMPLIB:"C:\Users\Ben-Dev\Documents\Visual Studio 2010\Projects\OpenGLParticles\cs460-particles\Particles\Release\GLUTParticles.lib" /MACHINE:X86 Release\Environment.obj
         Release\main.obj
         Release\Particle.obj
         Release\ParticleSystem.obj
         Release\Scene.obj
         Generating code
         Finished generating code
         GLUTParticles.vcxproj -> C:\Users\Ben-Dev\Documents\Visual Studio 2010\Projects\OpenGLParticles\cs460-particles\Particles\Release\GLUTParticles.exe
       Manifest:
         C:\Program Files (x86)\Microsoft SDKs\Windows\v7.0A\bin\mt.exe /nologo /verbose /outputresource:"C:\Users\Ben-Dev\Documents\Visual Studio 2010\Projects\OpenGLParticles\cs460-particles\Particles\Release\GLUTParticles.exe;#1" /manifest Release\GLUTParticles.exe.intermediate.manifest
       FinalizeBuildStatus:
         Deleting file "Release\GLUTParticles.unsuccessfulbuild".
         Touching "Release\GLUTParticles.lastbuildstate".
     1>Done Building Project "C:\Users\Ben-Dev\Documents\Visual Studio 2010\Projects\OpenGLParticles\cs460-particles\Particles\GLUTParticles\GLUTParticles.vcxproj" (build target(s)).

Build succeeded.

Time Elapsed 00:00:00.45
