Build started 11/20/2012 8:32:53 AM.
     1>Project "C:\Users\Ben-Dev\Documents\Visual Studio 2010\Projects\OpenGLParticles\cs460-particles\Particles\FLTKParticles\FLTKParticles.vcxproj" on node 2 (build target(s)).
     1>PrepareForBuild:
         Creating directory "C:\Users\Ben-Dev\Documents\Visual Studio 2010\Projects\OpenGLParticles\cs460-particles\Particles\Release\".
       InitializeBuildStatus:
         Creating "Release\FLTKParticles.unsuccessfulbuild" because "AlwaysCreate" was specified.
       ClCompile:
         e:\Program Files (x86)\Microsoft Visual Studio 10.0\VC\bin\CL.exe /c /Zi /nologo /W3 /WX- /O2 /Oi /Oy- /GL /D WIN32 /D NDEBUG /D _CONSOLE /D _UNICODE /D UNICODE /Gm- /EHsc /MD /GS /Gy /fp:precise /Zc:wchar_t /Zc:forScope /Fo"Release\\" /Fd"Release\vc100.pdb" /Gd /TP /analyze- /errorReport:prompt Environment.cpp main.cpp Particle.cpp ParticleSystem.cpp Scene.cpp
         Environment.cpp
         main.cpp
     1>main.cpp(39): warning C4244: 'argument' : conversion from 'int' to 'GLfloat', possible loss of data
     1>main.cpp(39): warning C4244: 'argument' : conversion from 'int' to 'GLfloat', possible loss of data
     1>main.cpp(39): warning C4244: 'argument' : conversion from 'int' to 'GLfloat', possible loss of data
     1>main.cpp(39): warning C4244: 'argument' : conversion from 'int' to 'GLfloat', possible loss of data
     1>main.cpp(40): warning C4244: 'argument' : conversion from 'int' to 'GLfloat', possible loss of data
     1>main.cpp(40): warning C4244: 'argument' : conversion from 'int' to 'GLfloat', possible loss of data
     1>main.cpp(40): warning C4244: 'argument' : conversion from 'int' to 'GLfloat', possible loss of data
     1>main.cpp(40): warning C4244: 'argument' : conversion from 'int' to 'GLfloat', possible loss of data
         Particle.cpp
         ParticleSystem.cpp
     1>ParticleSystem.cpp(39): warning C4244: 'initializing' : conversion from 'float' to 'int', possible loss of data
         Scene.cpp
       Link:
         e:\Program Files (x86)\Microsoft Visual Studio 10.0\VC\bin\link.exe /ERRORREPORT:PROMPT /OUT:"C:\Users\Ben-Dev\Documents\Visual Studio 2010\Projects\OpenGLParticles\cs460-particles\Particles\Release\FLTKParticles.exe" /INCREMENTAL:NO /NOLOGO kernel32.lib user32.lib gdi32.lib winspool.lib comdlg32.lib advapi32.lib shell32.lib ole32.lib oleaut32.lib uuid.lib odbc32.lib odbccp32.lib /MANIFEST /ManifestFile:"Release\FLTKParticles.exe.intermediate.manifest" /MANIFESTUAC:"level='asInvoker' uiAccess='false'" /DEBUG /PDB:"C:\Users\Ben-Dev\Documents\Visual Studio 2010\Projects\OpenGLParticles\cs460-particles\Particles\Release\FLTKParticles.pdb" /SUBSYSTEM:CONSOLE /OPT:REF /OPT:ICF /LTCG /TLBID:1 /DYNAMICBASE /NXCOMPAT /IMPLIB:"C:\Users\Ben-Dev\Documents\Visual Studio 2010\Projects\OpenGLParticles\cs460-particles\Particles\Release\FLTKParticles.lib" /MACHINE:X86 Release\Environment.obj
         Release\main.obj
         Release\Particle.obj
         Release\ParticleSystem.obj
         Release\Scene.obj
     1>MSVCRT.lib(cinitexe.obj) : warning LNK4098: defaultlib 'msvcrtd.lib' conflicts with use of other libs; use /NODEFAULTLIB:library
         Generating code
         Finished generating code
         FLTKParticles.vcxproj -> C:\Users\Ben-Dev\Documents\Visual Studio 2010\Projects\OpenGLParticles\cs460-particles\Particles\Release\FLTKParticles.exe
       Manifest:
         C:\Program Files (x86)\Microsoft SDKs\Windows\v7.0A\bin\mt.exe /nologo /verbose /outputresource:"C:\Users\Ben-Dev\Documents\Visual Studio 2010\Projects\OpenGLParticles\cs460-particles\Particles\Release\FLTKParticles.exe;#1" /manifest Release\FLTKParticles.exe.intermediate.manifest
       FinalizeBuildStatus:
         Deleting file "Release\FLTKParticles.unsuccessfulbuild".
         Touching "Release\FLTKParticles.lastbuildstate".
     1>Done Building Project "C:\Users\Ben-Dev\Documents\Visual Studio 2010\Projects\OpenGLParticles\cs460-particles\Particles\FLTKParticles\FLTKParticles.vcxproj" (build target(s)).

Build succeeded.

Time Elapsed 00:00:00.98
