Build started 11/13/2012 7:52:01 AM.
     1>Project "C:\Users\Ben-Dev\Documents\Visual Studio 2010\Projects\OpenGLParticles\cs460-particles\Particles\SimpleParticles\SimpleParticles.vcxproj" on node 2 (build target(s)).
     1>InitializeBuildStatus:
         Touching "Debug\SimpleParticles.unsuccessfulbuild".
       ClCompile:
         e:\Program Files (x86)\Microsoft Visual Studio 10.0\VC\bin\CL.exe /c /ZI /nologo /W3 /WX- /Od /Oy- /D WIN32 /D _DEBUG /D _WINDOWS /D _UNICODE /D UNICODE /Gm /EHsc /RTC1 /MDd /GS /fp:precise /Zc:wchar_t /Zc:forScope /Fo"Debug\\" /Fd"Debug\vc100.pdb" /Gd /TP /analyze- /errorReport:prompt main.cpp
         main.cpp
     1>c:\users\ben-dev\documents\visual studio 2010\projects\openglparticles\cs460-particles\particles\simpleparticles\main.cpp(187): error C2440: '=' : cannot convert from 'const char [7]' to 'LPCWSTR'
                 Types pointed to are unrelated; conversion requires reinterpret_cast, C-style cast or function-style cast
     1>c:\users\ben-dev\documents\visual studio 2010\projects\openglparticles\cs460-particles\particles\simpleparticles\main.cpp(191): error C2664: 'MessageBoxW' : cannot convert parameter 2 from 'const char [37]' to 'LPCWSTR'
                 Types pointed to are unrelated; conversion requires reinterpret_cast, C-style cast or function-style cast
     1>c:\users\ben-dev\documents\visual studio 2010\projects\openglparticles\cs460-particles\particles\simpleparticles\main.cpp(209): error C2664: 'MessageBoxW' : cannot convert parameter 2 from 'const char [94]' to 'LPCWSTR'
                 Types pointed to are unrelated; conversion requires reinterpret_cast, C-style cast or function-style cast
     1>c:\users\ben-dev\documents\visual studio 2010\projects\openglparticles\cs460-particles\particles\simpleparticles\main.cpp(216): error C2664: 'MessageBoxW' : cannot convert parameter 2 from 'const char [24]' to 'LPCWSTR'
                 Types pointed to are unrelated; conversion requires reinterpret_cast, C-style cast or function-style cast
     1>c:\users\ben-dev\documents\visual studio 2010\projects\openglparticles\cs460-particles\particles\simpleparticles\main.cpp(249): error C2664: 'CreateWindowExW' : cannot convert parameter 2 from 'const char [7]' to 'LPCWSTR'
                 Types pointed to are unrelated; conversion requires reinterpret_cast, C-style cast or function-style cast
     1>c:\users\ben-dev\documents\visual studio 2010\projects\openglparticles\cs460-particles\particles\simpleparticles\main.cpp(252): error C2664: 'MessageBoxW' : cannot convert parameter 2 from 'const char [23]' to 'LPCWSTR'
                 Types pointed to are unrelated; conversion requires reinterpret_cast, C-style cast or function-style cast
     1>c:\users\ben-dev\documents\visual studio 2010\projects\openglparticles\cs460-particles\particles\simpleparticles\main.cpp(281): error C2664: 'MessageBoxW' : cannot convert parameter 2 from 'const char [34]' to 'LPCWSTR'
                 Types pointed to are unrelated; conversion requires reinterpret_cast, C-style cast or function-style cast
     1>c:\users\ben-dev\documents\visual studio 2010\projects\openglparticles\cs460-particles\particles\simpleparticles\main.cpp(288): error C2664: 'MessageBoxW' : cannot convert parameter 2 from 'const char [35]' to 'LPCWSTR'
                 Types pointed to are unrelated; conversion requires reinterpret_cast, C-style cast or function-style cast
     1>c:\users\ben-dev\documents\visual studio 2010\projects\openglparticles\cs460-particles\particles\simpleparticles\main.cpp(295): error C2664: 'MessageBoxW' : cannot convert parameter 2 from 'const char [27]' to 'LPCWSTR'
                 Types pointed to are unrelated; conversion requires reinterpret_cast, C-style cast or function-style cast
     1>c:\users\ben-dev\documents\visual studio 2010\projects\openglparticles\cs460-particles\particles\simpleparticles\main.cpp(302): error C2664: 'MessageBoxW' : cannot convert parameter 2 from 'const char [37]' to 'LPCWSTR'
                 Types pointed to are unrelated; conversion requires reinterpret_cast, C-style cast or function-style cast
     1>c:\users\ben-dev\documents\visual studio 2010\projects\openglparticles\cs460-particles\particles\simpleparticles\main.cpp(309): error C2664: 'MessageBoxW' : cannot convert parameter 2 from 'const char [41]' to 'LPCWSTR'
                 Types pointed to are unrelated; conversion requires reinterpret_cast, C-style cast or function-style cast
     1>c:\users\ben-dev\documents\visual studio 2010\projects\openglparticles\cs460-particles\particles\simpleparticles\main.cpp(321): error C2664: 'MessageBoxW' : cannot convert parameter 2 from 'const char [23]' to 'LPCWSTR'
                 Types pointed to are unrelated; conversion requires reinterpret_cast, C-style cast or function-style cast
     1>c:\users\ben-dev\documents\visual studio 2010\projects\openglparticles\cs460-particles\particles\simpleparticles\main.cpp(368): error C2664: 'MessageBoxW' : cannot convert parameter 2 from 'const char [29]' to 'LPCWSTR'
                 Types pointed to are unrelated; conversion requires reinterpret_cast, C-style cast or function-style cast
     1>c:\users\ben-dev\documents\visual studio 2010\projects\openglparticles\cs460-particles\particles\simpleparticles\main.cpp(373): error C2664: 'MessageBoxW' : cannot convert parameter 2 from 'const char [34]' to 'LPCWSTR'
                 Types pointed to are unrelated; conversion requires reinterpret_cast, C-style cast or function-style cast
     1>c:\users\ben-dev\documents\visual studio 2010\projects\openglparticles\cs460-particles\particles\simpleparticles\main.cpp(380): error C2664: 'MessageBoxW' : cannot convert parameter 2 from 'const char [31]' to 'LPCWSTR'
                 Types pointed to are unrelated; conversion requires reinterpret_cast, C-style cast or function-style cast
     1>c:\users\ben-dev\documents\visual studio 2010\projects\openglparticles\cs460-particles\particles\simpleparticles\main.cpp(386): error C2664: 'MessageBoxW' : cannot convert parameter 2 from 'const char [24]' to 'LPCWSTR'
                 Types pointed to are unrelated; conversion requires reinterpret_cast, C-style cast or function-style cast
     1>c:\users\ben-dev\documents\visual studio 2010\projects\openglparticles\cs460-particles\particles\simpleparticles\main.cpp(390): error C2664: 'UnregisterClassW' : cannot convert parameter 1 from 'const char [7]' to 'LPCWSTR'
                 Types pointed to are unrelated; conversion requires reinterpret_cast, C-style cast or function-style cast
     1>c:\users\ben-dev\documents\visual studio 2010\projects\openglparticles\cs460-particles\particles\simpleparticles\main.cpp(392): error C2664: 'MessageBoxW' : cannot convert parameter 2 from 'const char [28]' to 'LPCWSTR'
                 Types pointed to are unrelated; conversion requires reinterpret_cast, C-style cast or function-style cast
     1>c:\users\ben-dev\documents\visual studio 2010\projects\openglparticles\cs460-particles\particles\simpleparticles\main.cpp(513): error C2664: 'MessageBoxW' : cannot convert parameter 2 from 'const char [41]' to 'LPCWSTR'
                 Types pointed to are unrelated; conversion requires reinterpret_cast, C-style cast or function-style cast
     1>c:\users\ben-dev\documents\visual studio 2010\projects\openglparticles\cs460-particles\particles\simpleparticles\main.cpp(673): error C2664: 'LoadImageW' : cannot convert parameter 2 from 'char *' to 'LPCWSTR'
                 Types pointed to are unrelated; conversion requires reinterpret_cast, C-style cast or function-style cast
     1>Done Building Project "C:\Users\Ben-Dev\Documents\Visual Studio 2010\Projects\OpenGLParticles\cs460-particles\Particles\SimpleParticles\SimpleParticles.vcxproj" (build target(s)) -- FAILED.

Build FAILED.

Time Elapsed 00:00:00.41
