C:\USERS\BEN-DEV\DOCUMENTS\VISUAL STUDIO 2010\PROJECTS\OPENGLPARTICLES\CS460-PARTICLES\PARTICLES\DEBUG\GLUTPARTICLES.EXE
C:\USERS\BEN-DEV\DOCUMENTS\VISUAL STUDIO 2010\PROJECTS\OPENGLPARTICLES\CS460-PARTICLES\PARTICLES\DEBUG\GLUTPARTICLES.ILK
C:\USERS\BEN-DEV\DOCUMENTS\VISUAL STUDIO 2010\PROJECTS\OPENGLPARTICLES\CS460-PARTICLES\PARTICLES\DEBUG\GLUTPARTICLES.PDB
C:\Users\Ben-Dev\Documents\Visual Studio 2010\Projects\OpenGLParticles\cs460-particles\Particles\GLUTParticles\Debug\cl.command.1.tlog
C:\Users\Ben-Dev\Documents\Visual Studio 2010\Projects\OpenGLParticles\cs460-particles\Particles\GLUTParticles\Debug\CL.read.1.tlog
C:\Users\Ben-Dev\Documents\Visual Studio 2010\Projects\OpenGLParticles\cs460-particles\Particles\GLUTParticles\Debug\CL.write.1.tlog
C:\USERS\BEN-DEV\DOCUMENTS\VISUAL STUDIO 2010\PROJECTS\OPENGLPARTICLES\CS460-PARTICLES\PARTICLES\GLUTPARTICLES\DEBUG\ENVIRONMENT.OBJ
C:\USERS\BEN-DEV\DOCUMENTS\VISUAL STUDIO 2010\PROJECTS\OPENGLPARTICLES\CS460-PARTICLES\PARTICLES\GLUTPARTICLES\DEBUG\GLUTPARTICLES.EXE.EMBED.MANIFEST
C:\USERS\BEN-DEV\DOCUMENTS\VISUAL STUDIO 2010\PROJECTS\OPENGLPARTICLES\CS460-PARTICLES\PARTICLES\GLUTPARTICLES\DEBUG\GLUTPARTICLES.EXE.EMBED.MANIFEST.RES
C:\USERS\BEN-DEV\DOCUMENTS\VISUAL STUDIO 2010\PROJECTS\OPENGLPARTICLES\CS460-PARTICLES\PARTICLES\GLUTPARTICLES\DEBUG\GLUTPARTICLES.EXE.INTERMEDIATE.MANIFEST
C:\Users\Ben-Dev\Documents\Visual Studio 2010\Projects\OpenGLParticles\cs460-particles\Particles\GLUTParticles\Debug\GLUTParticles_manifest.rc
C:\Users\Ben-Dev\Documents\Visual Studio 2010\Projects\OpenGLParticles\cs460-particles\Particles\GLUTParticles\Debug\link.4832.read.1.tlog
C:\Users\Ben-Dev\Documents\Visual Studio 2010\Projects\OpenGLParticles\cs460-particles\Particles\GLUTParticles\Debug\link.4832.write.1.tlog
C:\Users\Ben-Dev\Documents\Visual Studio 2010\Projects\OpenGLParticles\cs460-particles\Particles\GLUTParticles\Debug\link.4832-cvtres.read.1.tlog
C:\Users\Ben-Dev\Documents\Visual Studio 2010\Projects\OpenGLParticles\cs460-particles\Particles\GLUTParticles\Debug\link.4832-cvtres.write.1.tlog
C:\Users\Ben-Dev\Documents\Visual Studio 2010\Projects\OpenGLParticles\cs460-particles\Particles\GLUTParticles\Debug\link.command.1.tlog
C:\Users\Ben-Dev\Documents\Visual Studio 2010\Projects\OpenGLParticles\cs460-particles\Particles\GLUTParticles\Debug\link.read.1.tlog
C:\Users\Ben-Dev\Documents\Visual Studio 2010\Projects\OpenGLParticles\cs460-particles\Particles\GLUTParticles\Debug\link.write.1.tlog
C:\Users\Ben-Dev\Documents\Visual Studio 2010\Projects\OpenGLParticles\cs460-particles\Particles\GLUTParticles\Debug\link-cvtres.read.1.tlog
C:\Users\Ben-Dev\Documents\Visual Studio 2010\Projects\OpenGLParticles\cs460-particles\Particles\GLUTParticles\Debug\link-cvtres.write.1.tlog
C:\USERS\BEN-DEV\DOCUMENTS\VISUAL STUDIO 2010\PROJECTS\OPENGLPARTICLES\CS460-PARTICLES\PARTICLES\GLUTPARTICLES\DEBUG\MAIN.OBJ
C:\Users\Ben-Dev\Documents\Visual Studio 2010\Projects\OpenGLParticles\cs460-particles\Particles\GLUTParticles\Debug\mt.command.1.tlog
C:\Users\Ben-Dev\Documents\Visual Studio 2010\Projects\OpenGLParticles\cs460-particles\Particles\GLUTParticles\Debug\mt.read.1.tlog
C:\Users\Ben-Dev\Documents\Visual Studio 2010\Projects\OpenGLParticles\cs460-particles\Particles\GLUTParticles\Debug\mt.write.1.tlog
C:\USERS\BEN-DEV\DOCUMENTS\VISUAL STUDIO 2010\PROJECTS\OPENGLPARTICLES\CS460-PARTICLES\PARTICLES\GLUTPARTICLES\DEBUG\PARTICLE.OBJ
C:\USERS\BEN-DEV\DOCUMENTS\VISUAL STUDIO 2010\PROJECTS\OPENGLPARTICLES\CS460-PARTICLES\PARTICLES\GLUTPARTICLES\DEBUG\PARTICLESYSTEM.OBJ
C:\Users\Ben-Dev\Documents\Visual Studio 2010\Projects\OpenGLParticles\cs460-particles\Particles\GLUTParticles\Debug\rc.command.1.tlog
C:\Users\Ben-Dev\Documents\Visual Studio 2010\Projects\OpenGLParticles\cs460-particles\Particles\GLUTParticles\Debug\rc.read.1.tlog
C:\Users\Ben-Dev\Documents\Visual Studio 2010\Projects\OpenGLParticles\cs460-particles\Particles\GLUTParticles\Debug\rc.write.1.tlog
C:\USERS\BEN-DEV\DOCUMENTS\VISUAL STUDIO 2010\PROJECTS\OPENGLPARTICLES\CS460-PARTICLES\PARTICLES\GLUTPARTICLES\DEBUG\SCENE.OBJ
C:\Users\Ben-Dev\Documents\Visual Studio 2010\Projects\OpenGLParticles\cs460-particles\Particles\GLUTParticles\Debug\vc100.idb
C:\USERS\BEN-DEV\DOCUMENTS\VISUAL STUDIO 2010\PROJECTS\OPENGLPARTICLES\CS460-PARTICLES\PARTICLES\GLUTPARTICLES\DEBUG\VC100.PDB
