C:\Users\Ben-Dev\Documents\Visual Studio 2010\Projects\OpenGLParticles\cs460-particles\Particles\Debug\OpenGLInfo.pdb
C:\Users\Ben-Dev\Documents\Visual Studio 2010\Projects\OpenGLParticles\cs460-particles\Particles\OpenGLInfo\Debug\cl.command.1.tlog
C:\Users\Ben-Dev\Documents\Visual Studio 2010\Projects\OpenGLParticles\cs460-particles\Particles\OpenGLInfo\Debug\CL.read.1.tlog
C:\Users\Ben-Dev\Documents\Visual Studio 2010\Projects\OpenGLParticles\cs460-particles\Particles\OpenGLInfo\Debug\CL.write.1.tlog
C:\Users\Ben-Dev\Documents\Visual Studio 2010\Projects\OpenGLParticles\cs460-particles\Particles\OpenGLInfo\Debug\link.command.1.tlog
C:\Users\Ben-Dev\Documents\Visual Studio 2010\Projects\OpenGLParticles\cs460-particles\Particles\OpenGLInfo\Debug\link.read.1.tlog
C:\Users\Ben-Dev\Documents\Visual Studio 2010\Projects\OpenGLParticles\cs460-particles\Particles\OpenGLInfo\Debug\link.write.1.tlog
C:\Users\Ben-Dev\Documents\Visual Studio 2010\Projects\OpenGLParticles\cs460-particles\Particles\OpenGLInfo\Debug\link-cvtres.read.1.tlog
C:\Users\Ben-Dev\Documents\Visual Studio 2010\Projects\OpenGLParticles\cs460-particles\Particles\OpenGLInfo\Debug\link-cvtres.write.1.tlog
C:\USERS\BEN-DEV\DOCUMENTS\VISUAL STUDIO 2010\PROJECTS\OPENGLPARTICLES\CS460-PARTICLES\PARTICLES\OPENGLINFO\DEBUG\MAIN.OBJ
C:\Users\Ben-Dev\Documents\Visual Studio 2010\Projects\OpenGLParticles\cs460-particles\Particles\OpenGLInfo\Debug\OpenGLInfo.exe.embed.manifest
C:\USERS\BEN-DEV\DOCUMENTS\VISUAL STUDIO 2010\PROJECTS\OPENGLPARTICLES\CS460-PARTICLES\PARTICLES\OPENGLINFO\DEBUG\OPENGLINFO.EXE.EMBED.MANIFEST.RES
C:\Users\Ben-Dev\Documents\Visual Studio 2010\Projects\OpenGLParticles\cs460-particles\Particles\OpenGLInfo\Debug\OpenGLInfo.exe.intermediate.manifest
C:\Users\Ben-Dev\Documents\Visual Studio 2010\Projects\OpenGLParticles\cs460-particles\Particles\OpenGLInfo\Debug\OpenGLInfo.write.1.tlog
C:\Users\Ben-Dev\Documents\Visual Studio 2010\Projects\OpenGLParticles\cs460-particles\Particles\OpenGLInfo\Debug\OpenGLInfo_manifest.rc
C:\Users\Ben-Dev\Documents\Visual Studio 2010\Projects\OpenGLParticles\cs460-particles\Particles\OpenGLInfo\Debug\rc.command.1.tlog
C:\Users\Ben-Dev\Documents\Visual Studio 2010\Projects\OpenGLParticles\cs460-particles\Particles\OpenGLInfo\Debug\rc.read.1.tlog
C:\Users\Ben-Dev\Documents\Visual Studio 2010\Projects\OpenGLParticles\cs460-particles\Particles\OpenGLInfo\Debug\rc.write.1.tlog
C:\Users\Ben-Dev\Documents\Visual Studio 2010\Projects\OpenGLParticles\cs460-particles\Particles\OpenGLInfo\Debug\vc100.idb
C:\USERS\BEN-DEV\DOCUMENTS\VISUAL STUDIO 2010\PROJECTS\OPENGLPARTICLES\CS460-PARTICLES\PARTICLES\OPENGLINFO\DEBUG\VC100.PDB
C:\USERS\BENFO_000\DOCUMENTS\GITHUB\CS460-PARTICLES\PARTICLES\OPENGLINFO\DEBUG\MAIN.OBJ
C:\USERS\BENFO_000\DOCUMENTS\GITHUB\CS460-PARTICLES\PARTICLES\OPENGLINFO\DEBUG\OPENGLINFO.EXE.EMBED.MANIFEST.RES
C:\USERS\BENFO_000\DOCUMENTS\GITHUB\CS460-PARTICLES\PARTICLES\OPENGLINFO\DEBUG\VC100.PDB
