C:\Users\Ben-Dev\Documents\Visual Studio 2010\Projects\OpenGLParticles\cs460-particles\Particles\Debug\FLTKParticles.pdb
C:\Users\Ben-Dev\Documents\Visual Studio 2010\Projects\OpenGLParticles\cs460-particles\Particles\FLTKParticles\Debug\cl.command.1.tlog
C:\Users\Ben-Dev\Documents\Visual Studio 2010\Projects\OpenGLParticles\cs460-particles\Particles\FLTKParticles\Debug\CL.read.1.tlog
C:\Users\Ben-Dev\Documents\Visual Studio 2010\Projects\OpenGLParticles\cs460-particles\Particles\FLTKParticles\Debug\CL.write.1.tlog
C:\USERS\BEN-DEV\DOCUMENTS\VISUAL STUDIO 2010\PROJECTS\OPENGLPARTICLES\CS460-PARTICLES\PARTICLES\FLTKPARTICLES\DEBUG\ENVIRONMENT.OBJ
C:\USERS\BEN-DEV\DOCUMENTS\VISUAL STUDIO 2010\PROJECTS\OPENGLPARTICLES\CS460-PARTICLES\PARTICLES\FLTKPARTICLES\DEBUG\FLTKPARTICLES.EXE.EMBED.MANIFEST
C:\USERS\BEN-DEV\DOCUMENTS\VISUAL STUDIO 2010\PROJECTS\OPENGLPARTICLES\CS460-PARTICLES\PARTICLES\FLTKPARTICLES\DEBUG\FLTKPARTICLES.EXE.EMBED.MANIFEST.RES
C:\Users\Ben-Dev\Documents\Visual Studio 2010\Projects\OpenGLParticles\cs460-particles\Particles\FLTKParticles\Debug\FLTKParticles.exe.intermediate.manifest
C:\Users\Ben-Dev\Documents\Visual Studio 2010\Projects\OpenGLParticles\cs460-particles\Particles\FLTKParticles\Debug\FLTKParticles_manifest.rc
C:\Users\Ben-Dev\Documents\Visual Studio 2010\Projects\OpenGLParticles\cs460-particles\Particles\FLTKParticles\Debug\link.1140.read.1.tlog
C:\Users\Ben-Dev\Documents\Visual Studio 2010\Projects\OpenGLParticles\cs460-particles\Particles\FLTKParticles\Debug\link.1140.write.1.tlog
C:\Users\Ben-Dev\Documents\Visual Studio 2010\Projects\OpenGLParticles\cs460-particles\Particles\FLTKParticles\Debug\link.1140-cvtres.read.1.tlog
C:\Users\Ben-Dev\Documents\Visual Studio 2010\Projects\OpenGLParticles\cs460-particles\Particles\FLTKParticles\Debug\link.1140-cvtres.write.1.tlog
C:\Users\Ben-Dev\Documents\Visual Studio 2010\Projects\OpenGLParticles\cs460-particles\Particles\FLTKParticles\Debug\link.2280.read.1.tlog
C:\Users\Ben-Dev\Documents\Visual Studio 2010\Projects\OpenGLParticles\cs460-particles\Particles\FLTKParticles\Debug\link.2280.write.1.tlog
C:\Users\Ben-Dev\Documents\Visual Studio 2010\Projects\OpenGLParticles\cs460-particles\Particles\FLTKParticles\Debug\link.2280-cvtres.read.1.tlog
C:\Users\Ben-Dev\Documents\Visual Studio 2010\Projects\OpenGLParticles\cs460-particles\Particles\FLTKParticles\Debug\link.2280-cvtres.write.1.tlog
C:\Users\Ben-Dev\Documents\Visual Studio 2010\Projects\OpenGLParticles\cs460-particles\Particles\FLTKParticles\Debug\link.3116.read.1.tlog
C:\Users\Ben-Dev\Documents\Visual Studio 2010\Projects\OpenGLParticles\cs460-particles\Particles\FLTKParticles\Debug\link.3116.write.1.tlog
C:\Users\Ben-Dev\Documents\Visual Studio 2010\Projects\OpenGLParticles\cs460-particles\Particles\FLTKParticles\Debug\link.3116-cvtres.read.1.tlog
C:\Users\Ben-Dev\Documents\Visual Studio 2010\Projects\OpenGLParticles\cs460-particles\Particles\FLTKParticles\Debug\link.3116-cvtres.write.1.tlog
C:\Users\Ben-Dev\Documents\Visual Studio 2010\Projects\OpenGLParticles\cs460-particles\Particles\FLTKParticles\Debug\link.472.read.1.tlog
C:\Users\Ben-Dev\Documents\Visual Studio 2010\Projects\OpenGLParticles\cs460-particles\Particles\FLTKParticles\Debug\link.472.write.1.tlog
C:\Users\Ben-Dev\Documents\Visual Studio 2010\Projects\OpenGLParticles\cs460-particles\Particles\FLTKParticles\Debug\link.472-cvtres.read.1.tlog
C:\Users\Ben-Dev\Documents\Visual Studio 2010\Projects\OpenGLParticles\cs460-particles\Particles\FLTKParticles\Debug\link.472-cvtres.write.1.tlog
C:\Users\Ben-Dev\Documents\Visual Studio 2010\Projects\OpenGLParticles\cs460-particles\Particles\FLTKParticles\Debug\link.4812.read.1.tlog
C:\Users\Ben-Dev\Documents\Visual Studio 2010\Projects\OpenGLParticles\cs460-particles\Particles\FLTKParticles\Debug\link.4812.write.1.tlog
C:\Users\Ben-Dev\Documents\Visual Studio 2010\Projects\OpenGLParticles\cs460-particles\Particles\FLTKParticles\Debug\link.4812-cvtres.read.1.tlog
C:\Users\Ben-Dev\Documents\Visual Studio 2010\Projects\OpenGLParticles\cs460-particles\Particles\FLTKParticles\Debug\link.4812-cvtres.write.1.tlog
C:\Users\Ben-Dev\Documents\Visual Studio 2010\Projects\OpenGLParticles\cs460-particles\Particles\FLTKParticles\Debug\link.5428.read.1.tlog
C:\Users\Ben-Dev\Documents\Visual Studio 2010\Projects\OpenGLParticles\cs460-particles\Particles\FLTKParticles\Debug\link.5428.write.1.tlog
C:\Users\Ben-Dev\Documents\Visual Studio 2010\Projects\OpenGLParticles\cs460-particles\Particles\FLTKParticles\Debug\link.5428-cvtres.read.1.tlog
C:\Users\Ben-Dev\Documents\Visual Studio 2010\Projects\OpenGLParticles\cs460-particles\Particles\FLTKParticles\Debug\link.5428-cvtres.write.1.tlog
C:\Users\Ben-Dev\Documents\Visual Studio 2010\Projects\OpenGLParticles\cs460-particles\Particles\FLTKParticles\Debug\link.5500.read.1.tlog
C:\Users\Ben-Dev\Documents\Visual Studio 2010\Projects\OpenGLParticles\cs460-particles\Particles\FLTKParticles\Debug\link.5500.write.1.tlog
C:\Users\Ben-Dev\Documents\Visual Studio 2010\Projects\OpenGLParticles\cs460-particles\Particles\FLTKParticles\Debug\link.5500-cvtres.read.1.tlog
C:\Users\Ben-Dev\Documents\Visual Studio 2010\Projects\OpenGLParticles\cs460-particles\Particles\FLTKParticles\Debug\link.5500-cvtres.write.1.tlog
C:\Users\Ben-Dev\Documents\Visual Studio 2010\Projects\OpenGLParticles\cs460-particles\Particles\FLTKParticles\Debug\link.5936.read.1.tlog
C:\Users\Ben-Dev\Documents\Visual Studio 2010\Projects\OpenGLParticles\cs460-particles\Particles\FLTKParticles\Debug\link.5936.write.1.tlog
C:\Users\Ben-Dev\Documents\Visual Studio 2010\Projects\OpenGLParticles\cs460-particles\Particles\FLTKParticles\Debug\link.5936-cvtres.read.1.tlog
C:\Users\Ben-Dev\Documents\Visual Studio 2010\Projects\OpenGLParticles\cs460-particles\Particles\FLTKParticles\Debug\link.5936-cvtres.write.1.tlog
C:\Users\Ben-Dev\Documents\Visual Studio 2010\Projects\OpenGLParticles\cs460-particles\Particles\FLTKParticles\Debug\link.6568.read.1.tlog
C:\Users\Ben-Dev\Documents\Visual Studio 2010\Projects\OpenGLParticles\cs460-particles\Particles\FLTKParticles\Debug\link.6568.write.1.tlog
C:\Users\Ben-Dev\Documents\Visual Studio 2010\Projects\OpenGLParticles\cs460-particles\Particles\FLTKParticles\Debug\link.6568-cvtres.read.1.tlog
C:\Users\Ben-Dev\Documents\Visual Studio 2010\Projects\OpenGLParticles\cs460-particles\Particles\FLTKParticles\Debug\link.6568-cvtres.write.1.tlog
C:\Users\Ben-Dev\Documents\Visual Studio 2010\Projects\OpenGLParticles\cs460-particles\Particles\FLTKParticles\Debug\link.command.1.tlog
C:\Users\Ben-Dev\Documents\Visual Studio 2010\Projects\OpenGLParticles\cs460-particles\Particles\FLTKParticles\Debug\link.read.1.tlog
C:\Users\Ben-Dev\Documents\Visual Studio 2010\Projects\OpenGLParticles\cs460-particles\Particles\FLTKParticles\Debug\link.write.1.tlog
C:\Users\Ben-Dev\Documents\Visual Studio 2010\Projects\OpenGLParticles\cs460-particles\Particles\FLTKParticles\Debug\link-cvtres.read.1.tlog
C:\Users\Ben-Dev\Documents\Visual Studio 2010\Projects\OpenGLParticles\cs460-particles\Particles\FLTKParticles\Debug\link-cvtres.write.1.tlog
C:\USERS\BEN-DEV\DOCUMENTS\VISUAL STUDIO 2010\PROJECTS\OPENGLPARTICLES\CS460-PARTICLES\PARTICLES\FLTKPARTICLES\DEBUG\MAIN.OBJ
C:\Users\Ben-Dev\Documents\Visual Studio 2010\Projects\OpenGLParticles\cs460-particles\Particles\FLTKParticles\Debug\mt.command.1.tlog
C:\Users\Ben-Dev\Documents\Visual Studio 2010\Projects\OpenGLParticles\cs460-particles\Particles\FLTKParticles\Debug\mt.read.1.tlog
C:\Users\Ben-Dev\Documents\Visual Studio 2010\Projects\OpenGLParticles\cs460-particles\Particles\FLTKParticles\Debug\mt.write.1.tlog
C:\USERS\BEN-DEV\DOCUMENTS\VISUAL STUDIO 2010\PROJECTS\OPENGLPARTICLES\CS460-PARTICLES\PARTICLES\FLTKPARTICLES\DEBUG\PARTICLE.OBJ
C:\USERS\BEN-DEV\DOCUMENTS\VISUAL STUDIO 2010\PROJECTS\OPENGLPARTICLES\CS460-PARTICLES\PARTICLES\FLTKPARTICLES\DEBUG\PARTICLESYSTEM.OBJ
C:\Users\Ben-Dev\Documents\Visual Studio 2010\Projects\OpenGLParticles\cs460-particles\Particles\FLTKParticles\Debug\rc.command.1.tlog
C:\Users\Ben-Dev\Documents\Visual Studio 2010\Projects\OpenGLParticles\cs460-particles\Particles\FLTKParticles\Debug\rc.read.1.tlog
C:\Users\Ben-Dev\Documents\Visual Studio 2010\Projects\OpenGLParticles\cs460-particles\Particles\FLTKParticles\Debug\rc.write.1.tlog
C:\USERS\BEN-DEV\DOCUMENTS\VISUAL STUDIO 2010\PROJECTS\OPENGLPARTICLES\CS460-PARTICLES\PARTICLES\FLTKPARTICLES\DEBUG\SCENE.OBJ
C:\Users\Ben-Dev\Documents\Visual Studio 2010\Projects\OpenGLParticles\cs460-particles\Particles\FLTKParticles\Debug\vc100.idb
C:\USERS\BEN-DEV\DOCUMENTS\VISUAL STUDIO 2010\PROJECTS\OPENGLPARTICLES\CS460-PARTICLES\PARTICLES\FLTKPARTICLES\DEBUG\VC100.PDB
