Build started 11/20/2012 8:53:15 AM.
     1>Project "C:\Users\Ben-Dev\Documents\Visual Studio 2010\Projects\OpenGLParticles\cs460-particles\Particles\FLTKParticles\FLTKParticles.vcxproj" on node 2 (build target(s)).
     1>InitializeBuildStatus:
         Creating "Debug\FLTKParticles.unsuccessfulbuild" because "AlwaysCreate" was specified.
       ClCompile:
         e:\Program Files (x86)\Microsoft Visual Studio 10.0\VC\bin\CL.exe /c /ZI /nologo /W3 /WX- /Od /Oy- /D WIN32 /D _DEBUG /D _CONSOLE /D _UNICODE /D UNICODE /Gm /EHsc /RTC1 /MDd /GS /fp:precise /Zc:wchar_t /Zc:forScope /Fo"Debug\\" /Fd"Debug\vc100.pdb" /Gd /TP /analyze- /errorReport:prompt main.cpp
         main.cpp
       ManifestResourceCompile:
         All outputs are up-to-date.
       Link:
         e:\Program Files (x86)\Microsoft Visual Studio 10.0\VC\bin\link.exe /ERRORREPORT:PROMPT /OUT:"C:\Users\Ben-Dev\Documents\Visual Studio 2010\Projects\OpenGLParticles\cs460-particles\Particles\Debug\FLTKParticles.exe" /INCREMENTAL /NOLOGO kernel32.lib user32.lib gdi32.lib winspool.lib comdlg32.lib advapi32.lib shell32.lib ole32.lib oleaut32.lib uuid.lib odbc32.lib odbccp32.lib /MANIFEST /ManifestFile:"Debug\FLTKParticles.exe.intermediate.manifest" /MANIFESTUAC:"level='asInvoker' uiAccess='false'" /DEBUG /PDB:"C:\Users\Ben-Dev\Documents\Visual Studio 2010\Projects\OpenGLParticles\cs460-particles\Particles\Debug\FLTKParticles.pdb" /SUBSYSTEM:CONSOLE /TLBID:1 /DYNAMICBASE /NXCOMPAT /IMPLIB:"C:\Users\Ben-Dev\Documents\Visual Studio 2010\Projects\OpenGLParticles\cs460-particles\Particles\Debug\FLTKParticles.lib" /MACHINE:X86 Debug\FLTKParticles.exe.embed.manifest.res
         Debug\Environment.obj
         Debug\main.obj
         Debug\Particle.obj
         Debug\ParticleSystem.obj
         Debug\Scene.obj
       Manifest:
         C:\Program Files (x86)\Microsoft SDKs\Windows\v7.0A\bin\mt.exe /nologo /verbose /out:"Debug\FLTKParticles.exe.embed.manifest" /manifest Debug\FLTKParticles.exe.intermediate.manifest
         All outputs are up-to-date.
       LinkEmbedManifest:
         All outputs are up-to-date.
         FLTKParticles.vcxproj -> C:\Users\Ben-Dev\Documents\Visual Studio 2010\Projects\OpenGLParticles\cs460-particles\Particles\Debug\FLTKParticles.exe
       FinalizeBuildStatus:
         Deleting file "Debug\FLTKParticles.unsuccessfulbuild".
         Touching "Debug\FLTKParticles.lastbuildstate".
     1>Done Building Project "C:\Users\Ben-Dev\Documents\Visual Studio 2010\Projects\OpenGLParticles\cs460-particles\Particles\FLTKParticles\FLTKParticles.vcxproj" (build target(s)).

Build succeeded.

Time Elapsed 00:00:00.74
