C:\Users\Ben-Dev\Documents\Visual Studio 2010\Projects\OpenGLParticles\cs460-particles\Particles\Debug\Particles.pdb
C:\Users\Ben-Dev\Documents\Visual Studio 2010\Projects\OpenGLParticles\cs460-particles\Particles\Particles\Debug\cl.command.1.tlog
C:\Users\Ben-Dev\Documents\Visual Studio 2010\Projects\OpenGLParticles\cs460-particles\Particles\Particles\Debug\CL.read.1.tlog
C:\Users\Ben-Dev\Documents\Visual Studio 2010\Projects\OpenGLParticles\cs460-particles\Particles\Particles\Debug\CL.write.1.tlog
C:\USERS\BEN-DEV\DOCUMENTS\VISUAL STUDIO 2010\PROJECTS\OPENGLPARTICLES\CS460-PARTICLES\PARTICLES\PARTICLES\DEBUG\EMITTER.OBJ
C:\Users\Ben-Dev\Documents\Visual Studio 2010\Projects\OpenGLParticles\cs460-particles\Particles\Particles\Debug\link.command.1.tlog
C:\Users\Ben-Dev\Documents\Visual Studio 2010\Projects\OpenGLParticles\cs460-particles\Particles\Particles\Debug\link.read.1.tlog
C:\Users\Ben-Dev\Documents\Visual Studio 2010\Projects\OpenGLParticles\cs460-particles\Particles\Particles\Debug\link.write.1.tlog
C:\Users\Ben-Dev\Documents\Visual Studio 2010\Projects\OpenGLParticles\cs460-particles\Particles\Particles\Debug\link-cvtres.read.1.tlog
C:\Users\Ben-Dev\Documents\Visual Studio 2010\Projects\OpenGLParticles\cs460-particles\Particles\Particles\Debug\link-cvtres.write.1.tlog
C:\USERS\BEN-DEV\DOCUMENTS\VISUAL STUDIO 2010\PROJECTS\OPENGLPARTICLES\CS460-PARTICLES\PARTICLES\PARTICLES\DEBUG\MAIN.OBJ
C:\USERS\BEN-DEV\DOCUMENTS\VISUAL STUDIO 2010\PROJECTS\OPENGLPARTICLES\CS460-PARTICLES\PARTICLES\PARTICLES\DEBUG\PARTICLE.OBJ
C:\Users\Ben-Dev\Documents\Visual Studio 2010\Projects\OpenGLParticles\cs460-particles\Particles\Particles\Debug\Particles.exe.embed.manifest
C:\USERS\BEN-DEV\DOCUMENTS\VISUAL STUDIO 2010\PROJECTS\OPENGLPARTICLES\CS460-PARTICLES\PARTICLES\PARTICLES\DEBUG\PARTICLES.EXE.EMBED.MANIFEST.RES
C:\Users\Ben-Dev\Documents\Visual Studio 2010\Projects\OpenGLParticles\cs460-particles\Particles\Particles\Debug\Particles.exe.intermediate.manifest
C:\Users\Ben-Dev\Documents\Visual Studio 2010\Projects\OpenGLParticles\cs460-particles\Particles\Particles\Debug\Particles_manifest.rc
C:\Users\Ben-Dev\Documents\Visual Studio 2010\Projects\OpenGLParticles\cs460-particles\Particles\Particles\Debug\rc.command.1.tlog
C:\Users\Ben-Dev\Documents\Visual Studio 2010\Projects\OpenGLParticles\cs460-particles\Particles\Particles\Debug\rc.read.1.tlog
C:\Users\Ben-Dev\Documents\Visual Studio 2010\Projects\OpenGLParticles\cs460-particles\Particles\Particles\Debug\rc.write.1.tlog
C:\USERS\BEN-DEV\DOCUMENTS\VISUAL STUDIO 2010\PROJECTS\OPENGLPARTICLES\CS460-PARTICLES\PARTICLES\PARTICLES\DEBUG\SHADER.OBJ
C:\USERS\BEN-DEV\DOCUMENTS\VISUAL STUDIO 2010\PROJECTS\OPENGLPARTICLES\CS460-PARTICLES\PARTICLES\PARTICLES\DEBUG\SIMULATOR.OBJ
C:\Users\Ben-Dev\Documents\Visual Studio 2010\Projects\OpenGLParticles\cs460-particles\Particles\Particles\Debug\vc100.idb
C:\USERS\BEN-DEV\DOCUMENTS\VISUAL STUDIO 2010\PROJECTS\OPENGLPARTICLES\CS460-PARTICLES\PARTICLES\PARTICLES\DEBUG\VC100.PDB
